"E:\Program Files (x86)\Toolbox\apps\CLion\ch-0\201.6668.86\bin\cmake\win\bin\cmake.exe" -DCMAKE_BUILD_TYPE=Debug -G "CodeBlocks - MinGW Makefiles" "E:\OneDrive - Contra Costa Com College District\My Projects\C++\回溯算法\T4"
-- The C compiler identification is GNU 4.8.1
-- The CXX compiler identification is GNU 4.8.1
-- Check for working C compiler: C:/Program Files (x86)/Dev-Cpp/MinGW64/bin/gcc.exe
-- Check for working C compiler: C:/Program Files (x86)/Dev-Cpp/MinGW64/bin/gcc.exe -- broken
CMake Error at E:/Program Files (x86)/Toolbox/apps/CLion/ch-0/201.6668.86/bin/cmake/win/share/cmake-3.16/Modules/CMakeTestCCompiler.cmake:60 (message):
  The C compiler

    "C:/Program Files (x86)/Dev-Cpp/MinGW64/bin/gcc.exe"

  is not able to compile a simple test program.

  It fails with the following output:

    Change Dir: E:/OneDrive - Contra Costa Com College District/My Projects/C++/鍥炴函绠楁硶/T4/cmake-build-debug/CMakeFiles/CMakeTmp
    
    Run Build Command(s):C:/PROGRA~2/Dev-Cpp/MinGW64/bin/mingw32-make.exe cmTC_da2c6/fast && C:/PROGRA~2/Dev-Cpp/MinGW64/bin/mingw32-make.exe -f CMakeFiles\cmTC_da2c6.dir\build.make CMakeFiles/cmTC_da2c6.dir/build
    mingw32-make.exe[1]: Entering directory 'E:/OneDrive - Contra Costa Com College District/My Projects/C++/鍥炴函绠楁硶/T4/cmake-build-debug/CMakeFiles/CMakeTmp'
    Building C object CMakeFiles/cmTC_da2c6.dir/testCCompiler.c.obj
    C:\PROGRA~2\Dev-Cpp\MinGW64\bin\gcc.exe    -o CMakeFiles\cmTC_da2c6.dir\testCCompiler.c.obj   -c "E:\OneDrive - Contra Costa Com College District\My Projects\C++\閸ョ偞鍑界粻妤佺《\T4\cmake-build-debug\CMakeFiles\CMakeTmp\testCCompiler.c"
    gcc.exe: error: E:\OneDrive - Contra Costa Com College District\My Projects\C++\閸ョ偞鍑界粻妤佺《\T4\cmake-build-debug\CMakeFiles\CMakeTmp\testCCompiler.c: No such file or directory
    gcc.exe: fatal error: no input files
    compilation terminated.
    CMakeFiles\cmTC_da2c6.dir\build.make:64: recipe for target 'CMakeFiles/cmTC_da2c6.dir/testCCompiler.c.obj' failed
    mingw32-make.exe[1]: *** [CMakeFiles/cmTC_da2c6.dir/testCCompiler.c.obj] Error 1
    mingw32-make.exe[1]: Leaving directory 'E:/OneDrive - Contra Costa Com College District/My Projects/C++/鍥炴函绠楁硶/T4/cmake-build-debug/CMakeFiles/CMakeTmp'
    Makefile:120: recipe for target 'cmTC_da2c6/fast' failed
    mingw32-make.exe: *** [cmTC_da2c6/fast] Error 2
    
    

  

  CMake will not be able to correctly generate this project.
Call Stack (most recent call first):
  CMakeLists.txt:2 (project)


-- Configuring incomplete, errors occurred!
See also "E:/OneDrive - Contra Costa Com College District/My Projects/C++/鍥炴函绠楁硶/T4/cmake-build-debug/CMakeFiles/CMakeOutput.log".
See also "E:/OneDrive - Contra Costa Com College District/My Projects/C++/鍥炴函绠楁硶/T4/cmake-build-debug/CMakeFiles/CMakeError.log".
